<?xml version="1.0" encoding="UTF-8"?>
<robot generator="Robot 3.1.1 (Python 3.7.3 on win32)" generated="20190522 16:44:51.140" rpa="false">
<suite id="s1" name="TestSuite1" source="C:\Users\Patcharin\eclipse-workspace\Robotproject1\test\TestSuite1.robot">
<kw name="Log" library="BuiltIn" type="setup">
<doc>Logs the given message with the given level.</doc>
<arguments>
<arg>I am inside Test suite Setup</arg>
</arguments>
<msg timestamp="20190522 16:44:51.459" level="INFO">I am inside Test suite Setup</msg>
<status status="PASS" starttime="20190522 16:44:51.458" endtime="20190522 16:44:51.459"></status>
</kw>
<test id="s1-t1" name="MyFirstTest">
<kw name="Log" library="BuiltIn" type="setup">
<doc>Logs the given message with the given level.</doc>
<arguments>
<arg>I am in side Test SEtup nn</arg>
</arguments>
<msg timestamp="20190522 16:44:51.463" level="INFO">I am in side Test SEtup nn</msg>
<status status="PASS" starttime="20190522 16:44:51.463" endtime="20190522 16:44:51.463"></status>
</kw>
<kw name="Log" library="BuiltIn">
<doc>Logs the given message with the given level.</doc>
<arguments>
<arg>Hello World...</arg>
</arguments>
<msg timestamp="20190522 16:44:51.464" level="INFO">Hello World...</msg>
<status status="PASS" starttime="20190522 16:44:51.464" endtime="20190522 16:44:51.464"></status>
</kw>
<kw name="Log" library="BuiltIn" type="teardown">
<doc>Logs the given message with the given level.</doc>
<arguments>
<arg>I am in side test teardown nn</arg>
</arguments>
<msg timestamp="20190522 16:44:51.465" level="INFO">I am in side test teardown nn</msg>
<status status="PASS" starttime="20190522 16:44:51.464" endtime="20190522 16:44:51.465"></status>
</kw>
<tags>
<tag>smoke</tag>
</tags>
<status status="PASS" starttime="20190522 16:44:51.459" endtime="20190522 16:44:51.465" critical="yes"></status>
</test>
<kw name="Log" library="BuiltIn" type="teardown">
<doc>Logs the given message with the given level.</doc>
<arguments>
<arg>I am inside Test Suite Teardown</arg>
</arguments>
<msg timestamp="20190522 16:44:51.467" level="INFO">I am inside Test Suite Teardown</msg>
<status status="PASS" starttime="20190522 16:44:51.467" endtime="20190522 16:44:51.467"></status>
</kw>
<status status="PASS" starttime="20190522 16:44:51.141" endtime="20190522 16:44:51.467"></status>
</suite>
<statistics>
<total>
<stat pass="1" fail="0">Critical Tests</stat>
<stat pass="1" fail="0">All Tests</stat>
</total>
<tag>
<stat pass="1" fail="0">smoke</stat>
</tag>
<suite>
<stat pass="1" fail="0" id="s1" name="TestSuite1">TestSuite1</stat>
</suite>
</statistics>
<errors>
</errors>
</robot>
